Flow report for pong
Fri Jun 28 08:08:38 2019
Quartus II 64-Bit Version 13.0.1 Build 232 06/12/2013 Service Pack 1 SJ Web Edition


---------------------
; Table of Contents ;
---------------------
  1. Legal Notice
  2. Flow Summary
  3. Flow Settings
  4. Flow Non-Default Global Settings
  5. Flow Elapsed Time
  6. Flow OS Summary
  7. Flow Log
  8. Flow Messages
  9. Flow Suppressed Messages



----------------
; Legal Notice ;
----------------
Copyright (C) 1991-2013 Altera Corporation
Your use of Altera Corporation's design tools, logic functions 
and other software and tools, and its AMPP partner logic 
functions, and any output files from any of the foregoing 
(including device programming or simulation files), and any 
associated documentation or information are expressly subject 
to the terms and conditions of the Altera Program License 
Subscription Agreement, Altera MegaCore Function License 
Agreement, or other applicable license agreement, including, 
without limitation, that your use is for the sole purpose of 
programming logic devices manufactured by Altera and sold by 
Altera or its authorized distributors.  Please refer to the 
applicable agreement for further details.



+--------------------------------------------------------------------------------------+
; Flow Summary                                                                         ;
+------------------------------------+-------------------------------------------------+
; Flow Status                        ; Successful - Fri Jun 28 08:08:38 2019           ;
; Quartus II 64-Bit Version          ; 13.0.1 Build 232 06/12/2013 SP 1 SJ Web Edition ;
; Revision Name                      ; pong                                            ;
; Top-level Entity Name              ; VGA                                             ;
; Family                             ; Cyclone II                                      ;
; Device                             ; EP2C35F672C6                                    ;
; Timing Models                      ; Final                                           ;
; Total logic elements               ; 1,384 / 33,216 ( 4 % )                          ;
;     Total combinational functions  ; 1,357 / 33,216 ( 4 % )                          ;
;     Dedicated logic registers      ; 315 / 33,216 ( < 1 % )                          ;
; Total registers                    ; 315                                             ;
; Total pins                         ; 46 / 475 ( 10 % )                               ;
; Total virtual pins                 ; 0                                               ;
; Total memory bits                  ; 0 / 483,840 ( 0 % )                             ;
; Embedded Multiplier 9-bit elements ; 0 / 70 ( 0 % )                                  ;
; Total PLLs                         ; 1 / 4 ( 25 % )                                  ;
+------------------------------------+-------------------------------------------------+


+-----------------------------------------+
; Flow Settings                           ;
+-------------------+---------------------+
; Option            ; Setting             ;
+-------------------+---------------------+
; Start date & time ; 06/28/2019 08:08:14 ;
; Main task         ; Compilation         ;
; Revision Name     ; pong                ;
+-------------------+---------------------+


+----------------------------------------------------------------------------------------------------------------------------------------------+
; Flow Non-Default Global Settings                                                                                                             ;
+--------------------------------------+-------------------------------------------------------+---------------+--------------+----------------+
; Assignment Name                      ; Value                                                 ; Default Value ; Entity Name  ; Section Id     ;
+--------------------------------------+-------------------------------------------------------+---------------+--------------+----------------+
; COMPILER_SIGNATURE_ID                ; 35490522514833.156172009401192                        ; --            ; --           ; --             ;
; EDA_DESIGN_INSTANCE_NAME             ; NA                                                    ; --            ; --           ; tb_VGA         ;
; EDA_NATIVELINK_SIMULATION_TEST_BENCH ; tb_VGA                                                ; --            ; --           ; eda_simulation ;
; EDA_OUTPUT_DATA_FORMAT               ; Vhdl                                                  ; --            ; --           ; eda_simulation ;
; EDA_SIMULATION_TOOL                  ; ModelSim-Altera (VHDL)                                ; <None>        ; --           ; --             ;
; EDA_TEST_BENCH_ENABLE_STATUS         ; TEST_BENCH_MODE                                       ; --            ; --           ; eda_simulation ;
; EDA_TEST_BENCH_FILE                  ; tb_VGA.vhd                                            ; --            ; --           ; tb_VGA         ;
; EDA_TEST_BENCH_MODULE_NAME           ; tb_VGA                                                ; --            ; --           ; tb_VGA         ;
; EDA_TEST_BENCH_NAME                  ; tb_VGA                                                ; --            ; --           ; eda_simulation ;
; IP_TOOL_ENV                          ; Qsys                                                  ; --            ; PLL          ; --             ;
; IP_TOOL_ENV                          ; Qsys                                                  ; --            ; PLL_altpll_0 ; --             ;
; IP_TOOL_NAME                         ; Qsys                                                  ; --            ; PLL          ; --             ;
; IP_TOOL_NAME                         ; altpll                                                ; --            ; PLL_altpll_0 ; --             ;
; IP_TOOL_VERSION                      ; 13.0sp1                                               ; --            ; PLL          ; --             ;
; IP_TOOL_VERSION                      ; 13.0                                                  ; --            ; PLL_altpll_0 ; --             ;
; MAX_CORE_JUNCTION_TEMP               ; 85                                                    ; --            ; --           ; --             ;
; MIN_CORE_JUNCTION_TEMP               ; 0                                                     ; --            ; --           ; --             ;
; MISC_FILE                            ; PLL/synthesis/../../PLL.cmp                           ; --            ; --           ; --             ;
; MISC_FILE                            ; PLL/synthesis/../../PLL.qsys                          ; --            ; --           ; --             ;
; PARTITION_COLOR                      ; 16764057                                              ; --            ; VGA          ; Top            ;
; PARTITION_FITTER_PRESERVATION_LEVEL  ; PLACEMENT_AND_ROUTING                                 ; --            ; VGA          ; Top            ;
; PARTITION_NETLIST_TYPE               ; SOURCE                                                ; --            ; VGA          ; Top            ;
; POWER_BOARD_THERMAL_MODEL            ; None (CONSERVATIVE)                                   ; --            ; --           ; --             ;
; POWER_PRESET_COOLING_SOLUTION        ; 23 MM HEAT SINK WITH 200 LFPM AIRFLOW                 ; --            ; --           ; --             ;
; PROJECT_OUTPUT_DIRECTORY             ; output_files                                          ; --            ; --           ; --             ;
; SLD_INFO                             ; QSYS_NAME PLL HAS_SOPCINFO 1 GENERATION_ID 1559865683 ; --            ; PLL          ; --             ;
; SOPCINFO_FILE                        ; PLL/synthesis/../../PLL.sopcinfo                      ; --            ; --           ; --             ;
; SYNTHESIS_ONLY_QIP                   ; On                                                    ; --            ; --           ; --             ;
; TOP_LEVEL_ENTITY                     ; VGA                                                   ; pong          ; --           ; --             ;
+--------------------------------------+-------------------------------------------------------+---------------+--------------+----------------+


+-------------------------------------------------------------------------------------------------------------------------------+
; Flow Elapsed Time                                                                                                             ;
+---------------------------+--------------+-------------------------+---------------------+------------------------------------+
; Module Name               ; Elapsed Time ; Average Processors Used ; Peak Virtual Memory ; Total CPU Time (on all processors) ;
+---------------------------+--------------+-------------------------+---------------------+------------------------------------+
; Analysis & Synthesis      ; 00:00:03     ; 1.0                     ; 506 MB              ; 00:00:04                           ;
; Fitter                    ; 00:00:13     ; 1.0                     ; 676 MB              ; 00:00:13                           ;
; Assembler                 ; 00:00:02     ; 1.0                     ; 428 MB              ; 00:00:02                           ;
; TimeQuest Timing Analyzer ; 00:00:01     ; 1.0                     ; 419 MB              ; 00:00:01                           ;
; EDA Netlist Writer        ; 00:00:01     ; 1.0                     ; 400 MB              ; 00:00:01                           ;
; Total                     ; 00:00:20     ; --                      ; --                  ; 00:00:21                           ;
+---------------------------+--------------+-------------------------+---------------------+------------------------------------+


+----------------------------------------------------------------------------------------+
; Flow OS Summary                                                                        ;
+---------------------------+------------------+-----------+------------+----------------+
; Module Name               ; Machine Hostname ; OS Name   ; OS Version ; Processor type ;
+---------------------------+------------------+-----------+------------+----------------+
; Analysis & Synthesis      ; EEUFMG-PC        ; Windows 7 ; 6.1        ; x86_64         ;
; Fitter                    ; EEUFMG-PC        ; Windows 7 ; 6.1        ; x86_64         ;
; Assembler                 ; EEUFMG-PC        ; Windows 7 ; 6.1        ; x86_64         ;
; TimeQuest Timing Analyzer ; EEUFMG-PC        ; Windows 7 ; 6.1        ; x86_64         ;
; EDA Netlist Writer        ; EEUFMG-PC        ; Windows 7 ; 6.1        ; x86_64         ;
+---------------------------+------------------+-----------+------------+----------------+


------------
; Flow Log ;
------------
quartus_map --read_settings_files=on --write_settings_files=off pong -c pong
quartus_fit --read_settings_files=off --write_settings_files=off pong -c pong
quartus_asm --read_settings_files=off --write_settings_files=off pong -c pong
quartus_sta pong -c pong
quartus_eda --read_settings_files=off --write_settings_files=off pong -c pong



